<?xml version="1.0" encoding="UTF-8"?>
<!-- Generated by org.testng.reporters.JUnitReportReporter -->
<testsuite skipped="0" hostname="DESKTOP-3MBTGNS" name="QAmonCodeTestByFahmidaFarzana.SignPagePomTestNG" tests="1" failures="0" timestamp="9 Jul 2021 08:33:11 GMT" time="16.315" errors="0">
  <testcase name="testStep1" time="16.315" classname="QAmonCodeTestByFahmidaFarzana.SignPagePomTestNG"/>
</testsuite> <!-- QAmonCodeTestByFahmidaFarzana.SignPagePomTestNG -->
